<?xml version="1.0" encoding="UTF-8"?>
<testng-results ignored="0" total="1" passed="1" failed="0" skipped="0">
  <reporter-output>
  </reporter-output>
  <suite started-at="2023-08-25T14:33:36 SGT" name="Suite" finished-at="2023-08-25T14:33:55 SGT" duration-ms="18620">
    <groups>
    </groups>
    <test started-at="2023-08-25T14:33:36 SGT" name="Test" finished-at="2023-08-25T14:33:55 SGT" duration-ms="18620">
      <class name="com.itlearn.testcases.SearchTest">
        <test-method is-config="true" signature="setUpSuite()[pri:0, instance:com.itlearn.testcases.SearchTest@7bba5817]" started-at="2023-08-25T14:33:36 SGT" name="setUpSuite" finished-at="2023-08-25T14:33:36 SGT" duration-ms="16" status="PASS">
          <reporter-output>
          </reporter-output>
        </test-method> <!-- setUpSuite -->
        <test-method is-config="true" signature="setUp()[pri:0, instance:com.itlearn.testcases.SearchTest@7bba5817]" started-at="2023-08-25T14:33:36 SGT" name="setUp" finished-at="2023-08-25T14:33:47 SGT" duration-ms="10765" status="PASS">
          <reporter-output>
          </reporter-output>
        </test-method> <!-- setUp -->
        <test-method signature="searchCourseTesr()[pri:1, instance:com.itlearn.testcases.SearchTest@7bba5817]" started-at="2023-08-25T14:33:47 SGT" name="searchCourseTesr" finished-at="2023-08-25T14:33:54 SGT" duration-ms="7375" status="PASS">
          <reporter-output>
          </reporter-output>
        </test-method> <!-- searchCourseTesr -->
        <test-method is-config="true" signature="tearDown()[pri:0, instance:com.itlearn.testcases.SearchTest@7bba5817]" started-at="2023-08-25T14:33:54 SGT" name="tearDown" finished-at="2023-08-25T14:33:55 SGT" duration-ms="185" status="PASS">
          <reporter-output>
          </reporter-output>
        </test-method> <!-- tearDown -->
      </class> <!-- com.itlearn.testcases.SearchTest -->
    </test> <!-- Test -->
  </suite> <!-- Suite -->
</testng-results>
