<?xml version="1.0" encoding="UTF-8"?>
<testng-results ignored="0" total="1" passed="1" failed="0" skipped="0">
  <reporter-output>
  </reporter-output>
  <suite started-at="2023-10-30T10:08:55 MYT" name="Suite" finished-at="2023-10-30T10:09:05 MYT" duration-ms="10453">
    <groups>
    </groups>
    <test started-at="2023-10-30T10:08:55 MYT" name="Test" finished-at="2023-10-30T10:09:05 MYT" duration-ms="10453">
      <class name="com.itlearn.testcases.SearchTest">
        <test-method is-config="true" signature="setUpSuite()[pri:0, instance:com.itlearn.testcases.SearchTest@78e4deb0]" started-at="2023-10-30T10:08:55 MYT" name="setUpSuite" finished-at="2023-10-30T10:08:55 MYT" duration-ms="11" status="PASS">
          <reporter-output>
          </reporter-output>
        </test-method> <!-- setUpSuite -->
        <test-method is-config="true" signature="setUp()[pri:0, instance:com.itlearn.testcases.SearchTest@78e4deb0]" started-at="2023-10-30T10:08:55 MYT" name="setUp" finished-at="2023-10-30T10:09:00 MYT" duration-ms="4685" status="PASS">
          <reporter-output>
          </reporter-output>
        </test-method> <!-- setUp -->
        <test-method signature="searchOrphanTest()[pri:1, instance:com.itlearn.testcases.SearchTest@78e4deb0]" started-at="2023-10-30T10:09:00 MYT" name="searchOrphanTest" finished-at="2023-10-30T10:09:05 MYT" duration-ms="5254" status="PASS">
          <reporter-output>
          </reporter-output>
        </test-method> <!-- searchOrphanTest -->
        <test-method is-config="true" signature="tearDown()[pri:0, instance:com.itlearn.testcases.SearchTest@78e4deb0]" started-at="2023-10-30T10:09:05 MYT" name="tearDown" finished-at="2023-10-30T10:09:05 MYT" duration-ms="132" status="PASS">
          <reporter-output>
          </reporter-output>
        </test-method> <!-- tearDown -->
      </class> <!-- com.itlearn.testcases.SearchTest -->
    </test> <!-- Test -->
  </suite> <!-- Suite -->
</testng-results>
